<?xml version="1.0" encoding="UTF-8"?>
<!-- Generated by org.testng.reporters.JUnitReportReporter -->
<testsuite hostname="LAPTOP-ST80I3H1" failures="0" tests="3" name="TestNG.PriorityTest" time="0.017" errors="0" timestamp="2025-05-12T08:49:31 IST" skipped="0">
  <testcase classname="TestNG.PriorityTest" name="modifyAccount" time="0.001"/>
  <testcase classname="TestNG.PriorityTest" name="deleteAccount" time="0.007"/>
  <testcase classname="TestNG.PriorityTest" name="createAccount" time="0.009"/>
</testsuite> <!-- TestNG.PriorityTest -->
