<?xml version="1.0" encoding="UTF-8"?>
<!-- Generated by org.testng.reporters.JUnitReportReporter -->
<testsuite hostname="LAPTOP-ST80I3H1" failures="0" tests="1" name="TestNG.script1" time="0.010" errors="0" timestamp="2025-05-14T07:35:24 IST" skipped="0">
  <testcase classname="TestNG.script1" name="test1" time="0.010">
    <system-out>
      <![CDATA[Hello]]>
    </system-out>
  </testcase> <!-- test1 -->
  <system-out>
    <![CDATA[Hello]]>
  </system-out>
</testsuite> <!-- TestNG.script1 -->
