<?xml version="1.0" encoding="UTF-8"?>
<!-- Generated by org.testng.reporters.JUnitReportReporter -->
<testsuite hostname="LAPTOP-ST80I3H1" failures="0" tests="2" name="TestNG.Script6DependsOn" time="0.013" errors="0" timestamp="2025-05-09T08:01:01 IST" skipped="0">
  <testcase classname="TestNG.Script6DependsOn" name="addContact" time="0.010"/>
  <testcase classname="TestNG.Script6DependsOn" name="startChat" time="0.003"/>
  <system-out>
    <![CDATA[Hello]]>
  </system-out>
</testsuite> <!-- TestNG.Script6DependsOn -->
