<?xml version="1.0" encoding="UTF-8"?>
<!-- Generated by org.testng.reporters.JUnitReportReporter -->
<testsuite hostname="LAPTOP-ST80I3H1" failures="0" tests="2" name="TestNG.script8" time="0.013" errors="0" timestamp="2025-05-09T08:09:50 IST" skipped="0">
  <testcase classname="TestNG.script8" name="test1" time="0.012"/>
  <testcase classname="TestNG.script8" name="test5" time="0.001"/>
</testsuite> <!-- TestNG.script8 -->
