<?xml version="1.0" encoding="UTF-8"?>
<!-- Generated by org.testng.reporters.JUnitReportReporter -->
<testsuite hostname="LAPTOP-ST80I3H1" failures="0" tests="1" name="TestNG.Screenshot" time="21.052" errors="0" timestamp="2025-05-14T08:15:51 IST" skipped="0">
  <testcase classname="TestNG.Screenshot" name="screenShot" time="21.052"/>
</testsuite> <!-- TestNG.Screenshot -->
