<?xml version="1.0" encoding="UTF-8"?>
<!-- Generated by org.testng.reporters.JUnitReportReporter -->
<testsuite hostname="LAPTOP-ST80I3H1" failures="0" tests="1" name="TestNG.pscript1" time="2.651" errors="0" timestamp="2025-05-13T08:30:25 IST" skipped="0">
  <testcase classname="TestNG.pscript1" name="launchChrome" time="2.651"/>
</testsuite> <!-- TestNG.pscript1 -->
