<?xml version="1.0" encoding="UTF-8"?>
<!-- Generated by org.testng.reporters.JUnitReportReporter -->
<testsuite hostname="LAPTOP-ST80I3H1" failures="0" tests="1" name="TestNG.BaseClass1" time="0.010" errors="0" timestamp="2025-05-09T08:17:56 IST" skipped="0">
  <testcase classname="TestNG.BaseClass1" name="signUp" time="0.010"/>
</testsuite> <!-- TestNG.BaseClass1 -->
