<?xml version="1.0" encoding="UTF-8"?>
<!-- Generated by org.testng.reporters.JUnitReportReporter -->
<testsuite hostname="LAPTOP-ST80I3H1" failures="0" tests="3" name="TestNG.script2MulTests" time="0.028" errors="0" timestamp="2025-05-14T07:35:24 IST" skipped="0">
  <testcase classname="TestNG.script2MulTests" name="editAcc" time="0.004"/>
  <testcase classname="TestNG.script2MulTests" name="delAcc" time="0.005"/>
  <testcase classname="TestNG.script2MulTests" name="createAcc" time="0.019"/>
  <system-out>
    <![CDATA[Hello]]>
  </system-out>
</testsuite> <!-- TestNG.script2MulTests -->
