<?xml version="1.0" encoding="UTF-8"?>
<!-- Generated by org.testng.reporters.JUnitReportReporter -->
<testsuite hostname="LAPTOP-ST80I3H1" failures="0" tests="5" name="TestNG.Script7DependsOnGroups" time="0.011" errors="0" timestamp="2025-05-09T08:01:01 IST" skipped="0">
  <testcase classname="TestNG.Script7DependsOnGroups" name="test2" time="0.003"/>
  <testcase classname="TestNG.Script7DependsOnGroups" name="test5" time="0.003"/>
  <testcase classname="TestNG.Script7DependsOnGroups" name="test1" time="0.001"/>
  <testcase classname="TestNG.Script7DependsOnGroups" name="test3" time="0.002"/>
  <testcase classname="TestNG.Script7DependsOnGroups" name="test4" time="0.002"/>
  <system-out>
    <![CDATA[Hello]]>
  </system-out>
</testsuite> <!-- TestNG.Script7DependsOnGroups -->
