<?xml version="1.0" encoding="UTF-8"?>
<!-- Generated by org.testng.reporters.JUnitReportReporter -->
<testsuite hostname="LAPTOP-ST80I3H1" failures="0" tests="1" name="TestNG.pscript2" time="6.327" errors="0" timestamp="2025-05-13T08:30:25 IST" skipped="0">
  <testcase classname="TestNG.pscript2" name="launchFirefox" time="6.327"/>
</testsuite> <!-- TestNG.pscript2 -->
