<?xml version="1.0" encoding="UTF-8"?>
<!-- Generated by org.testng.reporters.JUnitReportReporter -->
<testsuite hostname="LAPTOP-ST80I3H1" failures="0" tests="3" name="TestNG.script4InvCount" time="0.007" errors="0" timestamp="2025-05-09T08:01:01 IST" skipped="0">
  <testcase classname="TestNG.script4InvCount" name="createAcc" time="0.005"/>
  <testcase classname="TestNG.script4InvCount" name="createAcc" time="0.001"/>
  <testcase classname="TestNG.script4InvCount" name="createAcc" time="0.001"/>
  <system-out>
    <![CDATA[Hello]]>
  </system-out>
</testsuite> <!-- TestNG.script4InvCount -->
