<?xml version="1.0" encoding="UTF-8"?>
<!-- Generated by org.testng.reporters.JUnitReportReporter -->
<testsuite hostname="LAPTOP-ST80I3H1" failures="0" tests="3" name="TestNG.script9" time="0.026" errors="0" timestamp="2025-05-09T08:13:38 IST" skipped="0">
  <testcase classname="TestNG.script9" name="adduser" time="0.008"/>
  <testcase classname="TestNG.script9" name="deleteUser" time="0.004"/>
  <testcase classname="TestNG.script9" name="modifyUser" time="0.014"/>
</testsuite> <!-- TestNG.script9 -->
