<?xml version="1.0" encoding="UTF-8"?>
<!-- Generated by org.testng.reporters.JUnitReportReporter -->
<testsuite hostname="LAPTOP-ST80I3H1" failures="0" tests="3" name="TestNG.script3Priority" time="0.014" errors="0" timestamp="2025-05-14T07:35:24 IST" skipped="0">
  <testcase classname="TestNG.script3Priority" name="createAcc" time="0.006"/>
  <testcase classname="TestNG.script3Priority" name="editAcc" time="0.006"/>
  <testcase classname="TestNG.script3Priority" name="delAcc" time="0.002"/>
  <system-out>
    <![CDATA[Hello]]>
  </system-out>
</testsuite> <!-- TestNG.script3Priority -->
